<?xml version="1.0" encoding="UTF-8"?>
<testng-results ignored="0" total="6" passed="6" failed="0" skipped="0">
  <reporter-output>
  </reporter-output>
  <suite started-at="2024-09-23T13:27:26 IST" name="Suite" finished-at="2024-09-23T13:29:00 IST" duration-ms="94434">
    <groups>
    </groups>
    <test started-at="2024-09-23T13:27:26 IST" name="Test" finished-at="2024-09-23T13:29:00 IST" duration-ms="94434">
      <class name="Testcase.FlightresultTC">
        <test-method signature="Flightresult()[pri:0, instance:Testcase.FlightresultTC@742d4e15]" started-at="2024-09-23T13:28:06 IST" name="Flightresult" finished-at="2024-09-23T13:28:06 IST" duration-ms="380" status="PASS">
          <reporter-output>
          </reporter-output>
        </test-method> <!-- Flightresult -->
      </class> <!-- Testcase.FlightresultTC -->
      <class name="Testcase.ThanksTC">
        <test-method signature="Thankscase()[pri:0, instance:Testcase.ThanksTC@63a5d002]" started-at="2024-09-23T13:28:40 IST" name="Thankscase" finished-at="2024-09-23T13:29:00 IST" duration-ms="20192" status="PASS">
          <reporter-output>
          </reporter-output>
        </test-method> <!-- Thankscase -->
      </class> <!-- Testcase.ThanksTC -->
      <class name="Testcase.AddonTC">
        <test-method signature="Addoncase()[pri:0, instance:Testcase.AddonTC@6df20ade]" started-at="2024-09-23T13:28:17 IST" name="Addoncase" finished-at="2024-09-23T13:28:23 IST" duration-ms="6033" status="PASS">
          <reporter-output>
          </reporter-output>
        </test-method> <!-- Addoncase -->
      </class> <!-- Testcase.AddonTC -->
      <class name="Testcase.PassengerTC">
        <test-method signature="Passengerdetails()[pri:0, instance:Testcase.PassengerTC@1f9d6c7b]" started-at="2024-09-23T13:28:06 IST" name="Passengerdetails" finished-at="2024-09-23T13:28:17 IST" duration-ms="11255" status="PASS">
          <reporter-output>
          </reporter-output>
        </test-method> <!-- Passengerdetails -->
      </class> <!-- Testcase.PassengerTC -->
      <class name="Testcase.SearchTC">
        <test-method is-config="true" signature="ChooseBrowser()[pri:0, instance:Testcase.SearchTC@236ab296]" started-at="2024-09-23T13:27:08 IST" name="ChooseBrowser" finished-at="2024-09-23T13:27:26 IST" duration-ms="17341" status="PASS">
          <reporter-output>
          </reporter-output>
        </test-method> <!-- ChooseBrowser -->
        <test-method signature="Startpage()[pri:0, instance:Testcase.SearchTC@236ab296]" started-at="2024-09-23T13:27:26 IST" name="Startpage" finished-at="2024-09-23T13:28:06 IST" duration-ms="39407" status="PASS">
          <reporter-output>
          </reporter-output>
        </test-method> <!-- Startpage -->
        <test-method is-config="true" signature="tearDownReport()[pri:0, instance:Testcase.SearchTC@236ab296]" started-at="2024-09-23T13:29:01 IST" name="tearDownReport" finished-at="2024-09-23T13:29:02 IST" duration-ms="735" status="PASS">
          <reporter-output>
          </reporter-output>
        </test-method> <!-- tearDownReport -->
      </class> <!-- Testcase.SearchTC -->
      <class name="Testcase.PaymentTC">
        <test-method signature="Paymentcase()[pri:0, instance:Testcase.PaymentTC@11ce2e22]" started-at="2024-09-23T13:28:23 IST" name="Paymentcase" finished-at="2024-09-23T13:28:40 IST" duration-ms="16748" status="PASS">
          <reporter-output>
          </reporter-output>
        </test-method> <!-- Paymentcase -->
      </class> <!-- Testcase.PaymentTC -->
    </test> <!-- Test -->
  </suite> <!-- Suite -->
</testng-results>
