<?xml version="1.0" encoding="UTF-8"?>
<testng-results ignored="0" total="6" passed="6" failed="0" skipped="0">
  <reporter-output>
  </reporter-output>
  <suite started-at="2024-06-26T13:29:19 IST" name="Suite" finished-at="2024-06-26T13:30:56 IST" duration-ms="96115">
    <groups>
    </groups>
    <test started-at="2024-06-26T13:29:19 IST" name="Test" finished-at="2024-06-26T13:30:56 IST" duration-ms="96115">
      <class name="Testcase.FlightresultTC">
        <test-method is-config="true" signature="Excelstringdata()[pri:0, instance:Testcase.FlightresultTC@61c4eee0]" started-at="2024-06-26T13:29:36 IST" name="Excelstringdata" finished-at="2024-06-26T13:29:36 IST" duration-ms="76" status="PASS">
          <reporter-output>
          </reporter-output>
        </test-method> <!-- Excelstringdata -->
        <test-method signature="Flightresult()[pri:0, instance:Testcase.FlightresultTC@61c4eee0]" started-at="2024-06-26T13:29:36 IST" name="Flightresult" finished-at="2024-06-26T13:29:36 IST" duration-ms="517" status="PASS">
          <reporter-output>
          </reporter-output>
        </test-method> <!-- Flightresult -->
      </class> <!-- Testcase.FlightresultTC -->
      <class name="Testcase.ThanksTC">
        <test-method is-config="true" signature="Excelstringdata()[pri:0, instance:Testcase.ThanksTC@433defed]" started-at="2024-06-26T13:30:55 IST" name="Excelstringdata" finished-at="2024-06-26T13:30:55 IST" duration-ms="55" status="PASS">
          <reporter-output>
          </reporter-output>
        </test-method> <!-- Excelstringdata -->
        <test-method signature="Thankscase()[pri:0, instance:Testcase.ThanksTC@433defed]" started-at="2024-06-26T13:30:55 IST" name="Thankscase" finished-at="2024-06-26T13:30:56 IST" duration-ms="242" status="PASS">
          <reporter-output>
          </reporter-output>
        </test-method> <!-- Thankscase -->
      </class> <!-- Testcase.ThanksTC -->
      <class name="Testcase.AddonTC">
        <test-method is-config="true" signature="Excelstringdata()[pri:0, instance:Testcase.AddonTC@1040be71]" started-at="2024-06-26T13:29:43 IST" name="Excelstringdata" finished-at="2024-06-26T13:29:43 IST" duration-ms="62" status="PASS">
          <reporter-output>
          </reporter-output>
        </test-method> <!-- Excelstringdata -->
        <test-method signature="Addoncase()[pri:0, instance:Testcase.AddonTC@1040be71]" started-at="2024-06-26T13:29:43 IST" name="Addoncase" finished-at="2024-06-26T13:29:46 IST" duration-ms="3280" status="PASS">
          <reporter-output>
          </reporter-output>
        </test-method> <!-- Addoncase -->
      </class> <!-- Testcase.AddonTC -->
      <class name="Testcase.PassengerTC">
        <test-method is-config="true" signature="Excelstringdata()[pri:0, instance:Testcase.PassengerTC@6f10d5b6]" started-at="2024-06-26T13:29:36 IST" name="Excelstringdata" finished-at="2024-06-26T13:29:36 IST" duration-ms="64" status="PASS">
          <reporter-output>
          </reporter-output>
        </test-method> <!-- Excelstringdata -->
        <test-method signature="Passengerdetails()[pri:0, instance:Testcase.PassengerTC@6f10d5b6]" started-at="2024-06-26T13:29:36 IST" name="Passengerdetails" finished-at="2024-06-26T13:29:43 IST" duration-ms="6530" status="PASS">
          <reporter-output>
          </reporter-output>
        </test-method> <!-- Passengerdetails -->
      </class> <!-- Testcase.PassengerTC -->
      <class name="Testcase.SearchTC">
        <test-method is-config="true" signature="ChooseBrowser()[pri:0, instance:Testcase.SearchTC@514646ef]" started-at="2024-06-26T13:29:15 IST" name="ChooseBrowser" finished-at="2024-06-26T13:29:19 IST" duration-ms="4739" status="PASS">
          <reporter-output>
          </reporter-output>
        </test-method> <!-- ChooseBrowser -->
        <test-method is-config="true" signature="Excelstringdata()[pri:0, instance:Testcase.SearchTC@514646ef]" started-at="2024-06-26T13:29:19 IST" name="Excelstringdata" finished-at="2024-06-26T13:29:21 IST" duration-ms="1040" status="PASS">
          <reporter-output>
          </reporter-output>
        </test-method> <!-- Excelstringdata -->
        <test-method signature="Startpage()[pri:0, instance:Testcase.SearchTC@514646ef]" started-at="2024-06-26T13:29:21 IST" name="Startpage" finished-at="2024-06-26T13:29:36 IST" duration-ms="15022" status="PASS">
          <reporter-output>
          </reporter-output>
        </test-method> <!-- Startpage -->
        <test-method is-config="true" signature="tearDownReport()[pri:0, instance:Testcase.SearchTC@514646ef]" started-at="2024-06-26T13:30:56 IST" name="tearDownReport" finished-at="2024-06-26T13:30:56 IST" duration-ms="603" status="PASS">
          <reporter-output>
          </reporter-output>
        </test-method> <!-- tearDownReport -->
        <test-method is-config="true" signature="teardown(org.testng.ITestResult)[pri:0, instance:Testcase.SearchTC@514646ef]" started-at="2024-06-26T13:30:56 IST" name="teardown" finished-at="1970-01-01T05:30:00 IST" duration-ms="-1719388856769" status="FAIL">
          <exception class="org.testng.TestNGException">
            <message>
              <![CDATA[
Native Injection is NOT supported for @AfterSuite annotated teardown.
For more information on native dependency injection please refer to https://testng.org/#_dependency_injection]]>
            </message>
            <full-stacktrace>
              <![CDATA[org.testng.TestNGException: 
Native Injection is NOT supported for @AfterSuite annotated teardown.
For more information on native dependency injection please refer to https://testng.org/#_dependency_injection
at org.testng.internal.Parameters.checkParameterTypes(Parameters.java:442)
at org.testng.internal.Parameters.createParametersForMethod(Parameters.java:347)
at org.testng.internal.Parameters.createParameters(Parameters.java:699)
at org.testng.internal.Parameters.createConfigurationParameters(Parameters.java:163)
at org.testng.internal.invokers.ConfigInvoker.invokeConfigurations(ConfigInvoker.java:313)
at org.testng.SuiteRunner.privateRun(SuiteRunner.java:386)
at org.testng.SuiteRunner.run(SuiteRunner.java:312)
at org.testng.SuiteRunnerWorker.runSuite(SuiteRunnerWorker.java:52)
at org.testng.SuiteRunnerWorker.run(SuiteRunnerWorker.java:95)
at org.testng.TestNG.runSuitesSequentially(TestNG.java:1274)
at org.testng.TestNG.runSuitesLocally(TestNG.java:1208)
at org.testng.TestNG.runSuites(TestNG.java:1112)
at org.testng.TestNG.run(TestNG.java:1079)
at org.testng.remote.AbstractRemoteTestNG.run(AbstractRemoteTestNG.java:115)
at org.testng.remote.RemoteTestNG.initAndRun(RemoteTestNG.java:293)
at org.testng.remote.RemoteTestNG.main(RemoteTestNG.java:91)
]]>
            </full-stacktrace>
          </exception> <!-- org.testng.TestNGException -->
          <reporter-output>
          </reporter-output>
        </test-method> <!-- teardown -->
      </class> <!-- Testcase.SearchTC -->
      <class name="Testcase.PaymentTC">
        <test-method is-config="true" signature="Excelstringdata()[pri:0, instance:Testcase.PaymentTC@548a24a]" started-at="2024-06-26T13:29:46 IST" name="Excelstringdata" finished-at="2024-06-26T13:29:46 IST" duration-ms="49" status="PASS">
          <reporter-output>
          </reporter-output>
        </test-method> <!-- Excelstringdata -->
        <test-method signature="Paymentcase()[pri:0, instance:Testcase.PaymentTC@548a24a]" started-at="2024-06-26T13:29:46 IST" name="Paymentcase" finished-at="2024-06-26T13:30:55 IST" duration-ms="69095" status="PASS">
          <reporter-output>
          </reporter-output>
        </test-method> <!-- Paymentcase -->
      </class> <!-- Testcase.PaymentTC -->
    </test> <!-- Test -->
  </suite> <!-- Suite -->
</testng-results>
