<?xml version="1.0" encoding="UTF-8"?>
<!-- Generated by org.testng.reporters.JUnitXMLReporter -->
<testsuite ignored="10" hostname="LAPTOP-TCIABFM5" failures="0" tests="6" name="Test" time="158.061" errors="0" timestamp="2024-07-04T11:42:36 IST">
  <testcase classname="Testcase.SearchTC" name="Startpage" time="36.076"/>
  <testcase classname="Testcase.FlightresultTC" name="Flightresult" time="0.87"/>
  <testcase classname="Testcase.PassengerTC" name="Passengerdetails" time="13.612"/>
  <testcase classname="Testcase.AddonTC" name="Addoncase" time="7.333"/>
  <testcase classname="Testcase.PaymentTC" name="Paymentcase" time="98.458"/>
  <testcase classname="Testcase.ThanksTC" name="Thankscase" time="0.066"/>
  <testcase classname="Commonfunction.Commondetails" name="@AfterSuite tearDownReport" time="0.0">
    <ignored/>
  </testcase> <!-- @AfterSuite tearDownReport -->
  <testcase classname="Commonfunction.Commondetails" name="@AfterSuite tearDownReport" time="0.0">
    <ignored/>
  </testcase> <!-- @AfterSuite tearDownReport -->
  <testcase classname="Commonfunction.Commondetails" name="@BeforeSuite ChooseBrowser" time="0.0">
    <ignored/>
  </testcase> <!-- @BeforeSuite ChooseBrowser -->
  <testcase classname="Commonfunction.Commondetails" name="@BeforeSuite ChooseBrowser" time="0.0">
    <ignored/>
  </testcase> <!-- @BeforeSuite ChooseBrowser -->
  <testcase classname="Commonfunction.Commondetails" name="@AfterSuite tearDownReport" time="0.0">
    <ignored/>
  </testcase> <!-- @AfterSuite tearDownReport -->
  <testcase classname="Commonfunction.Commondetails" name="@BeforeSuite ChooseBrowser" time="0.0">
    <ignored/>
  </testcase> <!-- @BeforeSuite ChooseBrowser -->
  <testcase classname="Commonfunction.Commondetails" name="@BeforeSuite ChooseBrowser" time="0.0">
    <ignored/>
  </testcase> <!-- @BeforeSuite ChooseBrowser -->
  <testcase classname="Commonfunction.Commondetails" name="@AfterSuite tearDownReport" time="0.0">
    <ignored/>
  </testcase> <!-- @AfterSuite tearDownReport -->
  <testcase classname="Commonfunction.Commondetails" name="@BeforeSuite ChooseBrowser" time="0.0">
    <ignored/>
  </testcase> <!-- @BeforeSuite ChooseBrowser -->
  <testcase classname="Commonfunction.Commondetails" name="@AfterSuite tearDownReport" time="0.0">
    <ignored/>
  </testcase> <!-- @AfterSuite tearDownReport -->
</testsuite> <!-- Test -->
